[debug] [2026-02-23T02:03:12.254Z] ----------------------------------------------------------------------
[debug] [2026-02-23T02:03:12.262Z] Command:       C:\Program Files\nodejs\node.exe C:\Users\aloft\AppData\Roaming\npm\node_modules\firebase-tools\lib\bin\firebase.js projects:list
[debug] [2026-02-23T02:03:12.263Z] CLI Version:   14.11.2
[debug] [2026-02-23T02:03:12.263Z] Platform:      win32
[debug] [2026-02-23T02:03:12.263Z] Node Version:  v22.15.0
[debug] [2026-02-23T02:03:12.264Z] Time:          Sun Feb 22 2026 20:03:12 GMT-0600 (Central Standard Time)
[debug] [2026-02-23T02:03:12.264Z] ----------------------------------------------------------------------
[debug] 
[debug] [2026-02-23T02:03:12.273Z] >>> [apiv2][query] GET https://firebase-public.firebaseio.com/cli.json [none]
[debug] [2026-02-23T02:03:13.964Z] > command requires scopes: ["email","openid","https://www.googleapis.com/auth/cloudplatformprojects.readonly","https://www.googleapis.com/auth/firebase","https://www.googleapis.com/auth/cloud-platform"]
[debug] [2026-02-23T02:03:13.966Z] > authorizing via signed-in user (andrew@houseofkna.com)
[debug] [2026-02-23T02:03:13.970Z] Checked if tokens are valid: false, expires at: 1770616836742
[debug] [2026-02-23T02:03:13.971Z] Checked if tokens are valid: false, expires at: 1770616836742
[debug] [2026-02-23T02:03:13.971Z] > refreshing access token with scopes: []
[debug] [2026-02-23T02:03:13.976Z] >>> [apiv2][query] POST https://www.googleapis.com/oauth2/v3/token [none]
[debug] [2026-02-23T02:03:13.977Z] >>> [apiv2][body] POST https://www.googleapis.com/oauth2/v3/token [omitted]
[debug] [2026-02-23T02:03:14.217Z] <<< [apiv2][status] GET https://firebase-public.firebaseio.com/cli.json 200
[debug] [2026-02-23T02:03:14.218Z] <<< [apiv2][body] GET https://firebase-public.firebaseio.com/cli.json {"cloudBuildErrorAfter":1594252800000,"cloudBuildWarnAfter":1590019200000,"defaultNode10After":1594252800000,"minVersion":"3.0.5","node8DeploysDisabledAfter":1613390400000,"node8RuntimeDisabledAfter":1615809600000,"node8WarnAfter":1600128000000}
[debug] [2026-02-23T02:03:14.473Z] <<< [apiv2][status] POST https://www.googleapis.com/oauth2/v3/token 400
[debug] [2026-02-23T02:03:14.474Z] <<< [apiv2][body] POST https://www.googleapis.com/oauth2/v3/token [omitted]
[error] Authentication Error: Your credentials are no longer valid. Please run firebase login --reauth

For CI servers and headless environments, generate a new token with firebase login:ci
[error] Authentication Error: Your credentials are no longer valid. Please run firebase login --reauth

For CI servers and headless environments, generate a new token with firebase login:ci
[debug] [2026-02-23T02:03:14.476Z] Authentication Error: Your credentials are no longer valid. Please run firebase login --reauth

For CI servers and headless environments, generate a new token with firebase login:ci
[debug] [2026-02-23T02:03:14.770Z] FirebaseError: Authentication Error: Your credentials are no longer valid. Please run firebase login --reauth

For CI servers and headless environments, generate a new token with firebase login:ci
    at invalidCredentialError (C:\Users\aloft\AppData\Roaming\npm\node_modules\firebase-tools\lib\auth.js:167:12)
    at refreshTokens (C:\Users\aloft\AppData\Roaming\npm\node_modules\firebase-tools\lib\auth.js:556:15)
    at process.processTicksAndRejections (node:internal/process/task_queues:105:5)
    at async getAccessToken (C:\Users\aloft\AppData\Roaming\npm\node_modules\firebase-tools\lib\apiv2.js:42:18)
    at async Client.addAuthHeader (C:\Users\aloft\AppData\Roaming\npm\node_modules\firebase-tools\lib\apiv2.js:169:21)
    at async Client.request (C:\Users\aloft\AppData\Roaming\npm\node_modules\firebase-tools\lib\apiv2.js:120:34)
    at async getProjectPage (C:\Users\aloft\AppData\Roaming\npm\node_modules\firebase-tools\lib\management\projects.js:267:17)
    at async getFirebaseProjectPage (C:\Users\aloft\AppData\Roaming\npm\node_modules\firebase-tools\lib\management\projects.js:284:23)
    at async listFirebaseProjects (C:\Users\aloft\AppData\Roaming\npm\node_modules\firebase-tools\lib\management\projects.js:315:29)
    at async Command.actionFn (C:\Users\aloft\AppData\Roaming\npm\node_modules\firebase-tools\lib\commands\projects-list.js:51:20)
[error] 
[error] Error: Failed to list Firebase projects. See firebase-debug.log for more info.
